  GameManager.cpp
C:\Users\kitte\Desktop\school work\CC++\C++asignment 1\Poker++ project folder\Poker++\GameManager.cpp(165,11): warning C4244: 'initializing': conversion from 'float' to 'int', possible loss of data
C:\Program Files\Microsoft Visual Studio\2022\Community\VC\Tools\MSVC\14.41.34120\include\xutility(1523,14): error C2664: 'bool GameManager::CheckForStraights::<lambda_1>::operator ()(Game::Card *,Game::Card *) const': cannot convert argument 1 from 'Game::Card' to 'Game::Card *'
  (compiling source file 'GameManager.cpp')
      C:\Program Files\Microsoft Visual Studio\2022\Community\VC\Tools\MSVC\14.41.34120\include\xutility(1523,20):
      No user-defined-conversion operator available that can perform this conversion, or the operator cannot be called
      C:\Users\kitte\Desktop\school work\CC++\C++asignment 1\Poker++ project folder\Poker++\GameManager.cpp(277,75):
      see declaration of 'GameManager::CheckForStraights::<lambda_1>::operator ()'
      C:\Program Files\Microsoft Visual Studio\2022\Community\VC\Tools\MSVC\14.41.34120\include\xutility(1523,14):
      while trying to match the argument list '(Game::Card, Game::Card)'
      C:\Program Files\Microsoft Visual Studio\2022\Community\VC\Tools\MSVC\14.41.34120\include\xutility(1523,14):
      the template instantiation context (the oldest one first) is
          C:\Users\kitte\Desktop\school work\CC++\C++asignment 1\Poker++ project folder\Poker++\GameManager.cpp(277,7):
          see reference to function template instantiation 'void std::sort<std::_Vector_iterator<std::_Vector_val<std::_Simple_types<_Ty>>>,GameManager::CheckForStraights::<lambda_1>>(const _RanIt,const _RanIt,_Pr)' being compiled
          with
          [
              _Ty=Game::Card,
              _RanIt=std::_Vector_iterator<std::_Vector_val<std::_Simple_types<Game::Card>>>,
              _Pr=GameManager::CheckForStraights::<lambda_1>
          ]
          C:\Program Files\Microsoft Visual Studio\2022\Community\VC\Tools\MSVC\14.41.34120\include\algorithm(8388,10):
          see reference to function template instantiation 'void std::_Sort_unchecked<Game::Card*,_Fn>(_RanIt,_RanIt,__int64,_Pr)' being compiled
          with
          [
              _Fn=GameManager::CheckForStraights::<lambda_1>,
              _RanIt=Game::Card *,
              _Pr=GameManager::CheckForStraights::<lambda_1>
          ]
          C:\Program Files\Microsoft Visual Studio\2022\Community\VC\Tools\MSVC\14.41.34120\include\algorithm(8358,18):
          see reference to function template instantiation '_BidIt std::_Insertion_sort_unchecked<_RanIt,_Pr>(const _BidIt,const _BidIt,_Pr)' being compiled
          with
          [
              _BidIt=Game::Card *,
              _RanIt=Game::Card *,
              _Pr=GameManager::CheckForStraights::<lambda_1>
          ]
          C:\Program Files\Microsoft Visual Studio\2022\Community\VC\Tools\MSVC\14.41.34120\include\algorithm(8233,17):
          see reference to function template instantiation 'bool std::_Debug_lt_pred<_Pr&,Game::Card&,Game::Card&>(GameManager::CheckForStraights::<lambda_1>&,_Ty1,_Ty2) noexcept(<expr>)' being compiled
          with
          [
              _Pr=GameManager::CheckForStraights::<lambda_1>,
              _Ty1=Game::Card &,
              _Ty2=Game::Card &
          ]
  
C:\Program Files\Microsoft Visual Studio\2022\Community\VC\Tools\MSVC\14.41.34120\include\xutility(1516,32): error C2664: 'bool GameManager::CheckForStraights::<lambda_1>::operator ()(Game::Card *,Game::Card *) const': cannot convert argument 1 from 'Game::Card' to 'Game::Card *'
  (compiling source file 'GameManager.cpp')
      C:\Program Files\Microsoft Visual Studio\2022\Community\VC\Tools\MSVC\14.41.34120\include\xutility(1516,54):
      No user-defined-conversion operator available that can perform this conversion, or the operator cannot be called
      C:\Users\kitte\Desktop\school work\CC++\C++asignment 1\Poker++ project folder\Poker++\GameManager.cpp(277,75):
      see declaration of 'GameManager::CheckForStraights::<lambda_1>::operator ()'
      C:\Program Files\Microsoft Visual Studio\2022\Community\VC\Tools\MSVC\14.41.34120\include\xutility(1516,32):
      while trying to match the argument list '(Game::Card, Game::Card)'
      C:\Program Files\Microsoft Visual Studio\2022\Community\VC\Tools\MSVC\14.41.34120\include\xutility(1516,32):
      the template instantiation context (the oldest one first) is
          C:\Program Files\Microsoft Visual Studio\2022\Community\VC\Tools\MSVC\14.41.34120\include\xutility(1523,39):
          see reference to variable template 'const bool _Debug_lt_pred_order_check_noexcept<`GameManager::CheckForStraights'::`2'::<lambda_1> &,Game::Card &,Game::Card &,1>' being compiled
  
C:\Program Files\Microsoft Visual Studio\2022\Community\VC\Tools\MSVC\14.41.34120\include\algorithm(8291,16): error C2664: 'bool GameManager::CheckForStraights::<lambda_1>::operator ()(Game::Card *,Game::Card *) const': cannot convert argument 1 from 'Game::Card' to 'Game::Card *'
  (compiling source file 'GameManager.cpp')
      C:\Program Files\Microsoft Visual Studio\2022\Community\VC\Tools\MSVC\14.41.34120\include\algorithm(8291,22):
      No user-defined-conversion operator available that can perform this conversion, or the operator cannot be called
      C:\Users\kitte\Desktop\school work\CC++\C++asignment 1\Poker++ project folder\Poker++\GameManager.cpp(277,75):
      see declaration of 'GameManager::CheckForStraights::<lambda_1>::operator ()'
      C:\Program Files\Microsoft Visual Studio\2022\Community\VC\Tools\MSVC\14.41.34120\include\algorithm(8291,16):
      while trying to match the argument list '(Game::Card, Game::Card)'
      C:\Program Files\Microsoft Visual Studio\2022\Community\VC\Tools\MSVC\14.41.34120\include\algorithm(8291,16):
      the template instantiation context (the oldest one first) is
          C:\Program Files\Microsoft Visual Studio\2022\Community\VC\Tools\MSVC\14.41.34120\include\algorithm(8369,26):
          see reference to function template instantiation 'std::pair<_RanIt,_RanIt> std::_Partition_by_median_guess_unchecked<_RanIt,_Pr>(_RanIt,_RanIt,_Pr)' being compiled
          with
          [
              _RanIt=Game::Card *,
              _Pr=GameManager::CheckForStraights::<lambda_1>
          ]
  
C:\Program Files\Microsoft Visual Studio\2022\Community\VC\Tools\MSVC\14.41.34120\include\algorithm(8295,76): error C2664: 'bool GameManager::CheckForStraights::<lambda_1>::operator ()(Game::Card *,Game::Card *) const': cannot convert argument 1 from 'Game::Card' to 'Game::Card *'
  (compiling source file 'GameManager.cpp')
      C:\Program Files\Microsoft Visual Studio\2022\Community\VC\Tools\MSVC\14.41.34120\include\algorithm(8295,82):
      No user-defined-conversion operator available that can perform this conversion, or the operator cannot be called
      C:\Users\kitte\Desktop\school work\CC++\C++asignment 1\Poker++ project folder\Poker++\GameManager.cpp(277,75):
      see declaration of 'GameManager::CheckForStraights::<lambda_1>::operator ()'
      C:\Program Files\Microsoft Visual Studio\2022\Community\VC\Tools\MSVC\14.41.34120\include\algorithm(8295,76):
      while trying to match the argument list '(Game::Card, Game::Card)'
  
C:\Program Files\Microsoft Visual Studio\2022\Community\VC\Tools\MSVC\14.41.34120\include\algorithm(8306,24): error C2664: 'bool GameManager::CheckForStraights::<lambda_1>::operator ()(Game::Card *,Game::Card *) const': cannot convert argument 1 from 'Game::Card' to 'Game::Card *'
  (compiling source file 'GameManager.cpp')
      C:\Program Files\Microsoft Visual Studio\2022\Community\VC\Tools\MSVC\14.41.34120\include\algorithm(8306,30):
      No user-defined-conversion operator available that can perform this conversion, or the operator cannot be called
      C:\Users\kitte\Desktop\school work\CC++\C++asignment 1\Poker++ project folder\Poker++\GameManager.cpp(277,75):
      see declaration of 'GameManager::CheckForStraights::<lambda_1>::operator ()'
      C:\Program Files\Microsoft Visual Studio\2022\Community\VC\Tools\MSVC\14.41.34120\include\algorithm(8306,24):
      while trying to match the argument list '(Game::Card, Game::Card)'
  
C:\Program Files\Microsoft Visual Studio\2022\Community\VC\Tools\MSVC\14.41.34120\include\algorithm(8320,24): error C2664: 'bool GameManager::CheckForStraights::<lambda_1>::operator ()(Game::Card *,Game::Card *) const': cannot convert argument 1 from 'Game::Card' to 'Game::Card *'
  (compiling source file 'GameManager.cpp')
      C:\Program Files\Microsoft Visual Studio\2022\Community\VC\Tools\MSVC\14.41.34120\include\algorithm(8320,30):
      No user-defined-conversion operator available that can perform this conversion, or the operator cannot be called
      C:\Users\kitte\Desktop\school work\CC++\C++asignment 1\Poker++ project folder\Poker++\GameManager.cpp(277,75):
      see declaration of 'GameManager::CheckForStraights::<lambda_1>::operator ()'
      C:\Program Files\Microsoft Visual Studio\2022\Community\VC\Tools\MSVC\14.41.34120\include\algorithm(8320,24):
      while trying to match the argument list '(Game::Card, Game::Card)'
  
C:\Program Files\Microsoft Visual Studio\2022\Community\VC\Tools\MSVC\14.41.34120\include\xutility(1523,14): error C2664: 'bool GameManager::CheckRoyaleFlush::<lambda_1>::operator ()(Game::Card *,Game::Card *) const': cannot convert argument 1 from 'Game::Card' to 'Game::Card *'
  (compiling source file 'GameManager.cpp')
      C:\Program Files\Microsoft Visual Studio\2022\Community\VC\Tools\MSVC\14.41.34120\include\xutility(1523,20):
      No user-defined-conversion operator available that can perform this conversion, or the operator cannot be called
      C:\Users\kitte\Desktop\school work\CC++\C++asignment 1\Poker++ project folder\Poker++\GameManager.cpp(313,75):
      see declaration of 'GameManager::CheckRoyaleFlush::<lambda_1>::operator ()'
      C:\Program Files\Microsoft Visual Studio\2022\Community\VC\Tools\MSVC\14.41.34120\include\xutility(1523,14):
      while trying to match the argument list '(Game::Card, Game::Card)'
      C:\Program Files\Microsoft Visual Studio\2022\Community\VC\Tools\MSVC\14.41.34120\include\xutility(1523,14):
      the template instantiation context (the oldest one first) is
          C:\Users\kitte\Desktop\school work\CC++\C++asignment 1\Poker++ project folder\Poker++\GameManager.cpp(313,7):
          see reference to function template instantiation 'void std::sort<std::_Vector_iterator<std::_Vector_val<std::_Simple_types<_Ty>>>,GameManager::CheckRoyaleFlush::<lambda_1>>(const _RanIt,const _RanIt,_Pr)' being compiled
          with
          [
              _Ty=Game::Card,
              _RanIt=std::_Vector_iterator<std::_Vector_val<std::_Simple_types<Game::Card>>>,
              _Pr=GameManager::CheckRoyaleFlush::<lambda_1>
          ]
          C:\Program Files\Microsoft Visual Studio\2022\Community\VC\Tools\MSVC\14.41.34120\include\algorithm(8388,10):
          see reference to function template instantiation 'void std::_Sort_unchecked<Game::Card*,_Fn>(_RanIt,_RanIt,__int64,_Pr)' being compiled
          with
          [
              _Fn=GameManager::CheckRoyaleFlush::<lambda_1>,
              _RanIt=Game::Card *,
              _Pr=GameManager::CheckRoyaleFlush::<lambda_1>
          ]
          C:\Program Files\Microsoft Visual Studio\2022\Community\VC\Tools\MSVC\14.41.34120\include\algorithm(8358,18):
          see reference to function template instantiation '_BidIt std::_Insertion_sort_unchecked<_RanIt,_Pr>(const _BidIt,const _BidIt,_Pr)' being compiled
          with
          [
              _BidIt=Game::Card *,
              _RanIt=Game::Card *,
              _Pr=GameManager::CheckRoyaleFlush::<lambda_1>
          ]
          C:\Program Files\Microsoft Visual Studio\2022\Community\VC\Tools\MSVC\14.41.34120\include\algorithm(8233,17):
          see reference to function template instantiation 'bool std::_Debug_lt_pred<_Pr&,Game::Card&,Game::Card&>(GameManager::CheckRoyaleFlush::<lambda_1>&,_Ty1,_Ty2) noexcept(<expr>)' being compiled
          with
          [
              _Pr=GameManager::CheckRoyaleFlush::<lambda_1>,
              _Ty1=Game::Card &,
              _Ty2=Game::Card &
          ]
  
C:\Program Files\Microsoft Visual Studio\2022\Community\VC\Tools\MSVC\14.41.34120\include\xutility(1516,32): error C2664: 'bool GameManager::CheckRoyaleFlush::<lambda_1>::operator ()(Game::Card *,Game::Card *) const': cannot convert argument 1 from 'Game::Card' to 'Game::Card *'
  (compiling source file 'GameManager.cpp')
      C:\Program Files\Microsoft Visual Studio\2022\Community\VC\Tools\MSVC\14.41.34120\include\xutility(1516,54):
      No user-defined-conversion operator available that can perform this conversion, or the operator cannot be called
      C:\Users\kitte\Desktop\school work\CC++\C++asignment 1\Poker++ project folder\Poker++\GameManager.cpp(313,75):
      see declaration of 'GameManager::CheckRoyaleFlush::<lambda_1>::operator ()'
      C:\Program Files\Microsoft Visual Studio\2022\Community\VC\Tools\MSVC\14.41.34120\include\xutility(1516,32):
      while trying to match the argument list '(Game::Card, Game::Card)'
      C:\Program Files\Microsoft Visual Studio\2022\Community\VC\Tools\MSVC\14.41.34120\include\xutility(1516,32):
      the template instantiation context (the oldest one first) is
          C:\Program Files\Microsoft Visual Studio\2022\Community\VC\Tools\MSVC\14.41.34120\include\xutility(1523,39):
          see reference to variable template 'const bool _Debug_lt_pred_order_check_noexcept<`GameManager::CheckRoyaleFlush'::`2'::<lambda_1> &,Game::Card &,Game::Card &,1>' being compiled
  
C:\Program Files\Microsoft Visual Studio\2022\Community\VC\Tools\MSVC\14.41.34120\include\algorithm(8291,16): error C2664: 'bool GameManager::CheckRoyaleFlush::<lambda_1>::operator ()(Game::Card *,Game::Card *) const': cannot convert argument 1 from 'Game::Card' to 'Game::Card *'
  (compiling source file 'GameManager.cpp')
      C:\Program Files\Microsoft Visual Studio\2022\Community\VC\Tools\MSVC\14.41.34120\include\algorithm(8291,22):
      No user-defined-conversion operator available that can perform this conversion, or the operator cannot be called
      C:\Users\kitte\Desktop\school work\CC++\C++asignment 1\Poker++ project folder\Poker++\GameManager.cpp(313,75):
      see declaration of 'GameManager::CheckRoyaleFlush::<lambda_1>::operator ()'
      C:\Program Files\Microsoft Visual Studio\2022\Community\VC\Tools\MSVC\14.41.34120\include\algorithm(8291,16):
      while trying to match the argument list '(Game::Card, Game::Card)'
      C:\Program Files\Microsoft Visual Studio\2022\Community\VC\Tools\MSVC\14.41.34120\include\algorithm(8291,16):
      the template instantiation context (the oldest one first) is
          C:\Program Files\Microsoft Visual Studio\2022\Community\VC\Tools\MSVC\14.41.34120\include\algorithm(8369,26):
          see reference to function template instantiation 'std::pair<_RanIt,_RanIt> std::_Partition_by_median_guess_unchecked<_RanIt,_Pr>(_RanIt,_RanIt,_Pr)' being compiled
          with
          [
              _RanIt=Game::Card *,
              _Pr=GameManager::CheckRoyaleFlush::<lambda_1>
          ]
  
C:\Program Files\Microsoft Visual Studio\2022\Community\VC\Tools\MSVC\14.41.34120\include\algorithm(8295,76): error C2664: 'bool GameManager::CheckRoyaleFlush::<lambda_1>::operator ()(Game::Card *,Game::Card *) const': cannot convert argument 1 from 'Game::Card' to 'Game::Card *'
  (compiling source file 'GameManager.cpp')
      C:\Program Files\Microsoft Visual Studio\2022\Community\VC\Tools\MSVC\14.41.34120\include\algorithm(8295,82):
      No user-defined-conversion operator available that can perform this conversion, or the operator cannot be called
      C:\Users\kitte\Desktop\school work\CC++\C++asignment 1\Poker++ project folder\Poker++\GameManager.cpp(313,75):
      see declaration of 'GameManager::CheckRoyaleFlush::<lambda_1>::operator ()'
      C:\Program Files\Microsoft Visual Studio\2022\Community\VC\Tools\MSVC\14.41.34120\include\algorithm(8295,76):
      while trying to match the argument list '(Game::Card, Game::Card)'
  
C:\Program Files\Microsoft Visual Studio\2022\Community\VC\Tools\MSVC\14.41.34120\include\algorithm(8306,24): error C2664: 'bool GameManager::CheckRoyaleFlush::<lambda_1>::operator ()(Game::Card *,Game::Card *) const': cannot convert argument 1 from 'Game::Card' to 'Game::Card *'
  (compiling source file 'GameManager.cpp')
      C:\Program Files\Microsoft Visual Studio\2022\Community\VC\Tools\MSVC\14.41.34120\include\algorithm(8306,30):
      No user-defined-conversion operator available that can perform this conversion, or the operator cannot be called
      C:\Users\kitte\Desktop\school work\CC++\C++asignment 1\Poker++ project folder\Poker++\GameManager.cpp(313,75):
      see declaration of 'GameManager::CheckRoyaleFlush::<lambda_1>::operator ()'
      C:\Program Files\Microsoft Visual Studio\2022\Community\VC\Tools\MSVC\14.41.34120\include\algorithm(8306,24):
      while trying to match the argument list '(Game::Card, Game::Card)'
  
C:\Program Files\Microsoft Visual Studio\2022\Community\VC\Tools\MSVC\14.41.34120\include\algorithm(8320,24): error C2664: 'bool GameManager::CheckRoyaleFlush::<lambda_1>::operator ()(Game::Card *,Game::Card *) const': cannot convert argument 1 from 'Game::Card' to 'Game::Card *'
  (compiling source file 'GameManager.cpp')
      C:\Program Files\Microsoft Visual Studio\2022\Community\VC\Tools\MSVC\14.41.34120\include\algorithm(8320,30):
      No user-defined-conversion operator available that can perform this conversion, or the operator cannot be called
      C:\Users\kitte\Desktop\school work\CC++\C++asignment 1\Poker++ project folder\Poker++\GameManager.cpp(313,75):
      see declaration of 'GameManager::CheckRoyaleFlush::<lambda_1>::operator ()'
      C:\Program Files\Microsoft Visual Studio\2022\Community\VC\Tools\MSVC\14.41.34120\include\algorithm(8320,24):
      while trying to match the argument list '(Game::Card, Game::Card)'
  
